2026-04-13 00:09:50,842 DEBUG: Starting new HTTP connection (1): clinicaltrials.gov:80
2026-04-13 00:09:50,935 DEBUG: http://clinicaltrials.gov:80 "GET /api/v2/studies/NCT06625320 HTTP/1.1" 301 0
2026-04-13 00:09:50,936 DEBUG: Starting new HTTPS connection (1): clinicaltrials.gov:443
2026-04-13 00:09:51,379 DEBUG: https://clinicaltrials.gov:443 "GET /api/v2/studies/NCT06625320 HTTP/1.1" 200 None
2026-04-13 00:09:51,382 DEBUG: Starting new HTTP connection (1): clinicaltrials.gov:80
2026-04-13 00:09:51,459 DEBUG: http://clinicaltrials.gov:80 "GET /api/v2/studies/NCT05642962 HTTP/1.1" 301 0
2026-04-13 00:09:51,460 DEBUG: Starting new HTTPS connection (1): clinicaltrials.gov:443
2026-04-13 00:09:51,894 DEBUG: https://clinicaltrials.gov:443 "GET /api/v2/studies/NCT05642962 HTTP/1.1" 200 None
2026-04-13 00:09:51,897 DEBUG: Starting new HTTP connection (1): clinicaltrials.gov:80
2026-04-13 00:09:51,978 DEBUG: http://clinicaltrials.gov:80 "GET /api/v2/studies/NCT07176702 HTTP/1.1" 301 0
2026-04-13 00:09:51,979 DEBUG: Starting new HTTPS connection (1): clinicaltrials.gov:443
2026-04-13 00:09:52,414 DEBUG: https://clinicaltrials.gov:443 "GET /api/v2/studies/NCT07176702 HTTP/1.1" 200 None
2026-04-13 00:09:52,417 DEBUG: Starting new HTTP connection (1): clinicaltrials.gov:80
2026-04-13 00:09:52,491 DEBUG: http://clinicaltrials.gov:80 "GET /api/v2/studies/NCT05355298 HTTP/1.1" 301 0
2026-04-13 00:09:52,492 DEBUG: Starting new HTTPS connection (1): clinicaltrials.gov:443
2026-04-13 00:09:52,920 DEBUG: https://clinicaltrials.gov:443 "GET /api/v2/studies/NCT05355298 HTTP/1.1" 200 None
2026-04-13 00:09:52,924 DEBUG: Starting new HTTP connection (1): clinicaltrials.gov:80
2026-04-13 00:09:53,019 DEBUG: http://clinicaltrials.gov:80 "GET /api/v2/studies/NCT06059001 HTTP/1.1" 301 0
2026-04-13 00:09:53,020 DEBUG: Starting new HTTPS connection (1): clinicaltrials.gov:443
2026-04-13 00:09:53,447 DEBUG: https://clinicaltrials.gov:443 "GET /api/v2/studies/NCT06059001 HTTP/1.1" 200 None
2026-04-13 00:09:53,450 DEBUG: Starting new HTTP connection (1): clinicaltrials.gov:80
2026-04-13 00:09:53,539 DEBUG: http://clinicaltrials.gov:80 "GET /api/v2/studies/NCT04348045 HTTP/1.1" 301 0
2026-04-13 00:09:53,540 DEBUG: Starting new HTTPS connection (1): clinicaltrials.gov:443
2026-04-13 00:09:53,968 DEBUG: https://clinicaltrials.gov:443 "GET /api/v2/studies/NCT04348045 HTTP/1.1" 200 None
2026-04-13 00:09:53,972 DEBUG: Starting new HTTP connection (1): clinicaltrials.gov:80
2026-04-13 00:09:54,043 DEBUG: http://clinicaltrials.gov:80 "GET /api/v2/studies/NCT05632328 HTTP/1.1" 301 0
2026-04-13 00:09:54,044 DEBUG: Starting new HTTPS connection (1): clinicaltrials.gov:443
2026-04-13 00:09:54,480 DEBUG: https://clinicaltrials.gov:443 "GET /api/v2/studies/NCT05632328 HTTP/1.1" 200 None
2026-04-13 00:09:54,483 DEBUG: Starting new HTTP connection (1): clinicaltrials.gov:80
2026-04-13 00:09:54,546 DEBUG: http://clinicaltrials.gov:80 "GET /api/v2/studies/NCT04793932 HTTP/1.1" 301 0
2026-04-13 00:09:54,547 DEBUG: Starting new HTTPS connection (1): clinicaltrials.gov:443
2026-04-13 00:09:54,971 DEBUG: https://clinicaltrials.gov:443 "GET /api/v2/studies/NCT04793932 HTTP/1.1" 200 None
2026-04-13 00:09:54,975 DEBUG: Starting new HTTP connection (1): clinicaltrials.gov:80
2026-04-13 00:09:55,038 DEBUG: http://clinicaltrials.gov:80 "GET /api/v2/studies/NCT03806309 HTTP/1.1" 301 0
2026-04-13 00:09:55,039 DEBUG: Starting new HTTPS connection (1): clinicaltrials.gov:443
2026-04-13 00:09:55,679 DEBUG: https://clinicaltrials.gov:443 "GET /api/v2/studies/NCT03806309 HTTP/1.1" 200 None
2026-04-13 00:09:55,683 DEBUG: Starting new HTTP connection (1): clinicaltrials.gov:80
2026-04-13 00:09:55,761 DEBUG: http://clinicaltrials.gov:80 "GET /api/v2/studies/NCT05726864 HTTP/1.1" 301 0
2026-04-13 00:09:55,762 DEBUG: Starting new HTTPS connection (1): clinicaltrials.gov:443
2026-04-13 00:09:56,168 DEBUG: https://clinicaltrials.gov:443 "GET /api/v2/studies/NCT05726864 HTTP/1.1" 200 None
2026-04-13 00:09:56,187 DEBUG: Starting new HTTP connection (1): clinicaltrials.gov:80
2026-04-13 00:09:56,266 DEBUG: http://clinicaltrials.gov:80 "GET /api/v2/studies/NCT06818812 HTTP/1.1" 301 0
2026-04-13 00:09:56,267 DEBUG: Starting new HTTPS connection (1): clinicaltrials.gov:443
2026-04-13 00:09:56,769 DEBUG: https://clinicaltrials.gov:443 "GET /api/v2/studies/NCT06818812 HTTP/1.1" 200 None
2026-04-13 00:09:56,772 DEBUG: Starting new HTTP connection (1): clinicaltrials.gov:80
2026-04-13 00:09:56,864 DEBUG: http://clinicaltrials.gov:80 "GET /api/v2/studies/NCT04888312 HTTP/1.1" 301 0
2026-04-13 00:09:56,865 DEBUG: Starting new HTTPS connection (1): clinicaltrials.gov:443
2026-04-13 00:09:57,301 DEBUG: https://clinicaltrials.gov:443 "GET /api/v2/studies/NCT04888312 HTTP/1.1" 200 None
2026-04-13 00:09:57,304 DEBUG: Starting new HTTP connection (1): clinicaltrials.gov:80
2026-04-13 00:09:57,376 DEBUG: http://clinicaltrials.gov:80 "GET /api/v2/studies/NCT05983133 HTTP/1.1" 301 0
2026-04-13 00:09:57,377 DEBUG: Starting new HTTPS connection (1): clinicaltrials.gov:443
2026-04-13 00:09:57,808 DEBUG: https://clinicaltrials.gov:443 "GET /api/v2/studies/NCT05983133 HTTP/1.1" 200 None
2026-04-13 00:09:57,811 DEBUG: Starting new HTTP connection (1): clinicaltrials.gov:80
2026-04-13 00:09:57,877 DEBUG: http://clinicaltrials.gov:80 "GET /api/v2/studies/NCT04083599 HTTP/1.1" 301 0
2026-04-13 00:09:57,878 DEBUG: Starting new HTTPS connection (1): clinicaltrials.gov:443
2026-04-13 00:09:58,305 DEBUG: https://clinicaltrials.gov:443 "GET /api/v2/studies/NCT04083599 HTTP/1.1" 200 None
2026-04-13 00:09:58,312 DEBUG: Starting new HTTP connection (1): clinicaltrials.gov:80
2026-04-13 00:09:58,389 DEBUG: http://clinicaltrials.gov:80 "GET /api/v2/studies/NCT06105021 HTTP/1.1" 301 0
2026-04-13 00:09:58,390 DEBUG: Starting new HTTPS connection (1): clinicaltrials.gov:443
2026-04-13 00:09:59,094 DEBUG: https://clinicaltrials.gov:443 "GET /api/v2/studies/NCT06105021 HTTP/1.1" 200 None
2026-04-13 00:09:59,099 DEBUG: Starting new HTTP connection (1): clinicaltrials.gov:80
2026-04-13 00:09:59,184 DEBUG: http://clinicaltrials.gov:80 "GET /api/v2/studies/NCT06974734 HTTP/1.1" 301 0
2026-04-13 00:09:59,185 DEBUG: Starting new HTTPS connection (1): clinicaltrials.gov:443
2026-04-13 00:09:59,645 DEBUG: https://clinicaltrials.gov:443 "GET /api/v2/studies/NCT06974734 HTTP/1.1" 200 None
2026-04-13 00:09:59,648 DEBUG: Starting new HTTP connection (1): clinicaltrials.gov:80
2026-04-13 00:09:59,722 DEBUG: http://clinicaltrials.gov:80 "GET /api/v2/studies/NCT04117087 HTTP/1.1" 301 0
2026-04-13 00:09:59,723 DEBUG: Starting new HTTPS connection (1): clinicaltrials.gov:443
2026-04-13 00:10:00,155 DEBUG: https://clinicaltrials.gov:443 "GET /api/v2/studies/NCT04117087 HTTP/1.1" 200 None
2026-04-13 00:10:00,161 DEBUG: Starting new HTTP connection (1): clinicaltrials.gov:80
2026-04-13 00:10:00,246 DEBUG: http://clinicaltrials.gov:80 "GET /api/v2/studies/NCT02912949 HTTP/1.1" 301 0
2026-04-13 00:10:00,246 DEBUG: Starting new HTTPS connection (1): clinicaltrials.gov:443
2026-04-13 00:10:00,683 DEBUG: https://clinicaltrials.gov:443 "GET /api/v2/studies/NCT02912949 HTTP/1.1" 200 None
2026-04-13 00:10:00,687 DEBUG: Starting new HTTP connection (1): clinicaltrials.gov:80
2026-04-13 00:10:00,768 DEBUG: http://clinicaltrials.gov:80 "GET /api/v2/studies/NCT06704724 HTTP/1.1" 301 0
2026-04-13 00:10:00,769 DEBUG: Starting new HTTPS connection (1): clinicaltrials.gov:443
2026-04-13 00:10:01,185 DEBUG: https://clinicaltrials.gov:443 "GET /api/v2/studies/NCT06704724 HTTP/1.1" 200 None
2026-04-13 00:10:01,189 DEBUG: Starting new HTTP connection (1): clinicaltrials.gov:80
2026-04-13 00:10:01,269 DEBUG: http://clinicaltrials.gov:80 "GET /api/v2/studies/NCT05462717 HTTP/1.1" 301 0
2026-04-13 00:10:01,270 DEBUG: Starting new HTTPS connection (1): clinicaltrials.gov:443
2026-04-13 00:10:01,723 DEBUG: https://clinicaltrials.gov:443 "GET /api/v2/studies/NCT05462717 HTTP/1.1" 200 None
2026-04-13 00:10:01,730 DEBUG: Starting new HTTP connection (1): clinicaltrials.gov:80
2026-04-13 00:10:01,820 DEBUG: http://clinicaltrials.gov:80 "GET /api/v2/studies/NCT07477418 HTTP/1.1" 301 0
2026-04-13 00:10:01,821 DEBUG: Starting new HTTPS connection (1): clinicaltrials.gov:443
2026-04-13 00:10:02,272 DEBUG: https://clinicaltrials.gov:443 "GET /api/v2/studies/NCT07477418 HTTP/1.1" 200 None
2026-04-13 00:10:02,275 DEBUG: Starting new HTTP connection (1): clinicaltrials.gov:80
2026-04-13 00:10:02,351 DEBUG: http://clinicaltrials.gov:80 "GET /api/v2/studies/NCT07490301 HTTP/1.1" 301 0
2026-04-13 00:10:02,352 DEBUG: Starting new HTTPS connection (1): clinicaltrials.gov:443
2026-04-13 00:10:02,784 DEBUG: https://clinicaltrials.gov:443 "GET /api/v2/studies/NCT07490301 HTTP/1.1" 200 None
2026-04-13 00:10:02,788 DEBUG: Starting new HTTP connection (1): clinicaltrials.gov:80
2026-04-13 00:10:02,860 DEBUG: http://clinicaltrials.gov:80 "GET /api/v2/studies/NCT07301229 HTTP/1.1" 301 0
2026-04-13 00:10:02,861 DEBUG: Starting new HTTPS connection (1): clinicaltrials.gov:443
2026-04-13 00:10:03,307 DEBUG: https://clinicaltrials.gov:443 "GET /api/v2/studies/NCT07301229 HTTP/1.1" 200 None
2026-04-13 00:10:03,310 DEBUG: Starting new HTTP connection (1): clinicaltrials.gov:80
2026-04-13 00:10:03,386 DEBUG: http://clinicaltrials.gov:80 "GET /api/v2/studies/NCT07028424 HTTP/1.1" 301 0
2026-04-13 00:10:03,387 DEBUG: Starting new HTTPS connection (1): clinicaltrials.gov:443
2026-04-13 00:10:03,836 DEBUG: https://clinicaltrials.gov:443 "GET /api/v2/studies/NCT07028424 HTTP/1.1" 200 None
2026-04-13 00:10:03,844 DEBUG: Starting new HTTP connection (1): clinicaltrials.gov:80
2026-04-13 00:10:03,920 DEBUG: http://clinicaltrials.gov:80 "GET /api/v2/studies/NCT06345599 HTTP/1.1" 301 0
2026-04-13 00:10:03,921 DEBUG: Starting new HTTPS connection (1): clinicaltrials.gov:443
2026-04-13 00:10:04,362 DEBUG: https://clinicaltrials.gov:443 "GET /api/v2/studies/NCT06345599 HTTP/1.1" 200 None
2026-04-13 00:10:04,366 DEBUG: Starting new HTTP connection (1): clinicaltrials.gov:80
2026-04-13 00:10:04,452 DEBUG: http://clinicaltrials.gov:80 "GET /api/v2/studies/NCT07336953 HTTP/1.1" 301 0
2026-04-13 00:10:04,453 DEBUG: Starting new HTTPS connection (1): clinicaltrials.gov:443
2026-04-13 00:10:04,892 DEBUG: https://clinicaltrials.gov:443 "GET /api/v2/studies/NCT07336953 HTTP/1.1" 200 None
2026-04-13 00:10:04,896 DEBUG: Starting new HTTP connection (1): clinicaltrials.gov:80
2026-04-13 00:10:04,981 DEBUG: http://clinicaltrials.gov:80 "GET /api/v2/studies/NCT07198321 HTTP/1.1" 301 0
2026-04-13 00:10:04,982 DEBUG: Starting new HTTPS connection (1): clinicaltrials.gov:443
2026-04-13 00:10:05,413 DEBUG: https://clinicaltrials.gov:443 "GET /api/v2/studies/NCT07198321 HTTP/1.1" 200 None
2026-04-13 00:10:05,416 DEBUG: Starting new HTTP connection (1): clinicaltrials.gov:80
2026-04-13 00:10:05,492 DEBUG: http://clinicaltrials.gov:80 "GET /api/v2/studies/NCT07114861 HTTP/1.1" 301 0
2026-04-13 00:10:05,493 DEBUG: Starting new HTTPS connection (1): clinicaltrials.gov:443
2026-04-13 00:10:05,936 DEBUG: https://clinicaltrials.gov:443 "GET /api/v2/studies/NCT07114861 HTTP/1.1" 200 None
2026-04-13 00:10:05,940 DEBUG: Starting new HTTP connection (1): clinicaltrials.gov:80
2026-04-13 00:10:06,026 DEBUG: http://clinicaltrials.gov:80 "GET /api/v2/studies/NCT05314998 HTTP/1.1" 301 0
2026-04-13 00:10:06,027 DEBUG: Starting new HTTPS connection (1): clinicaltrials.gov:443
2026-04-13 00:10:06,481 DEBUG: https://clinicaltrials.gov:443 "GET /api/v2/studies/NCT05314998 HTTP/1.1" 200 None
2026-04-13 00:10:06,490 DEBUG: Starting new HTTP connection (1): clinicaltrials.gov:80
2026-04-13 00:10:06,603 DEBUG: http://clinicaltrials.gov:80 "GET /api/v2/studies/NCT07014878 HTTP/1.1" 301 0
2026-04-13 00:10:06,603 DEBUG: Starting new HTTPS connection (1): clinicaltrials.gov:443
2026-04-13 00:10:07,052 DEBUG: https://clinicaltrials.gov:443 "GET /api/v2/studies/NCT07014878 HTTP/1.1" 200 None
2026-04-13 00:10:07,055 DEBUG: Starting new HTTP connection (1): clinicaltrials.gov:80
2026-04-13 00:10:07,141 DEBUG: http://clinicaltrials.gov:80 "GET /api/v2/studies/NCT06361030 HTTP/1.1" 301 0
2026-04-13 00:10:07,142 DEBUG: Starting new HTTPS connection (1): clinicaltrials.gov:443
2026-04-13 00:10:07,595 DEBUG: https://clinicaltrials.gov:443 "GET /api/v2/studies/NCT06361030 HTTP/1.1" 200 None
2026-04-13 00:10:07,598 DEBUG: Starting new HTTP connection (1): clinicaltrials.gov:80
2026-04-13 00:10:07,680 DEBUG: http://clinicaltrials.gov:80 "GET /api/v2/studies/NCT06750861 HTTP/1.1" 301 0
2026-04-13 00:10:07,681 DEBUG: Starting new HTTPS connection (1): clinicaltrials.gov:443
2026-04-13 00:10:08,133 DEBUG: https://clinicaltrials.gov:443 "GET /api/v2/studies/NCT06750861 HTTP/1.1" 200 None
2026-04-13 00:10:08,136 DEBUG: Starting new HTTP connection (1): clinicaltrials.gov:80
2026-04-13 00:10:08,231 DEBUG: http://clinicaltrials.gov:80 "GET /api/v2/studies/NCT07233850 HTTP/1.1" 301 0
2026-04-13 00:10:08,232 DEBUG: Starting new HTTPS connection (1): clinicaltrials.gov:443
2026-04-13 00:10:08,688 DEBUG: https://clinicaltrials.gov:443 "GET /api/v2/studies/NCT07233850 HTTP/1.1" 200 None
2026-04-13 00:10:08,691 DEBUG: Starting new HTTP connection (1): clinicaltrials.gov:80
2026-04-13 00:10:08,784 DEBUG: http://clinicaltrials.gov:80 "GET /api/v2/studies/NCT06913218 HTTP/1.1" 301 0
2026-04-13 00:10:08,784 DEBUG: Starting new HTTPS connection (1): clinicaltrials.gov:443
2026-04-13 00:10:09,205 DEBUG: https://clinicaltrials.gov:443 "GET /api/v2/studies/NCT06913218 HTTP/1.1" 200 None
2026-04-13 00:10:09,208 DEBUG: Starting new HTTP connection (1): clinicaltrials.gov:80
2026-04-13 00:10:09,284 DEBUG: http://clinicaltrials.gov:80 "GET /api/v2/studies/NCT07435038 HTTP/1.1" 301 0
2026-04-13 00:10:09,285 DEBUG: Starting new HTTPS connection (1): clinicaltrials.gov:443
2026-04-13 00:10:09,680 DEBUG: https://clinicaltrials.gov:443 "GET /api/v2/studies/NCT07435038 HTTP/1.1" 200 None
2026-04-13 00:10:09,683 DEBUG: Starting new HTTP connection (1): clinicaltrials.gov:80
2026-04-13 00:10:09,753 DEBUG: http://clinicaltrials.gov:80 "GET /api/v2/studies/NCT07153289 HTTP/1.1" 301 0
2026-04-13 00:10:09,754 DEBUG: Starting new HTTPS connection (1): clinicaltrials.gov:443
2026-04-13 00:10:10,187 DEBUG: https://clinicaltrials.gov:443 "GET /api/v2/studies/NCT07153289 HTTP/1.1" 200 None
2026-04-13 00:10:10,190 DEBUG: Starting new HTTP connection (1): clinicaltrials.gov:80
2026-04-13 00:10:10,277 DEBUG: http://clinicaltrials.gov:80 "GET /api/v2/studies/NCT07348107 HTTP/1.1" 301 0
2026-04-13 00:10:10,277 DEBUG: Starting new HTTPS connection (1): clinicaltrials.gov:443
2026-04-13 00:10:10,720 DEBUG: https://clinicaltrials.gov:443 "GET /api/v2/studies/NCT07348107 HTTP/1.1" 200 None
2026-04-13 00:10:10,729 DEBUG: Starting new HTTP connection (1): clinicaltrials.gov:80
2026-04-13 00:10:10,805 DEBUG: http://clinicaltrials.gov:80 "GET /api/v2/studies/NCT07492680 HTTP/1.1" 301 0
2026-04-13 00:10:10,806 DEBUG: Starting new HTTPS connection (1): clinicaltrials.gov:443
2026-04-13 00:10:11,242 DEBUG: https://clinicaltrials.gov:443 "GET /api/v2/studies/NCT07492680 HTTP/1.1" 200 None
2026-04-13 00:10:11,246 DEBUG: Starting new HTTP connection (1): clinicaltrials.gov:80
2026-04-13 00:10:11,630 DEBUG: http://clinicaltrials.gov:80 "GET /api/v2/studies/NCT07145450 HTTP/1.1" 301 0
2026-04-13 00:10:11,631 DEBUG: Starting new HTTPS connection (1): clinicaltrials.gov:443
2026-04-13 00:10:12,033 DEBUG: https://clinicaltrials.gov:443 "GET /api/v2/studies/NCT07145450 HTTP/1.1" 200 None
2026-04-13 00:10:12,036 DEBUG: Starting new HTTP connection (1): clinicaltrials.gov:80
2026-04-13 00:10:12,106 DEBUG: http://clinicaltrials.gov:80 "GET /api/v2/studies/NCT07252232 HTTP/1.1" 301 0
2026-04-13 00:10:12,107 DEBUG: Starting new HTTPS connection (1): clinicaltrials.gov:443
2026-04-13 00:10:12,499 DEBUG: https://clinicaltrials.gov:443 "GET /api/v2/studies/NCT07252232 HTTP/1.1" 200 None
2026-04-13 00:10:12,502 DEBUG: Starting new HTTP connection (1): clinicaltrials.gov:80
2026-04-13 00:10:12,554 DEBUG: http://clinicaltrials.gov:80 "GET /api/v2/studies/NCT07235202 HTTP/1.1" 301 0
2026-04-13 00:10:12,555 DEBUG: Starting new HTTPS connection (1): clinicaltrials.gov:443
2026-04-13 00:10:12,970 DEBUG: https://clinicaltrials.gov:443 "GET /api/v2/studies/NCT07235202 HTTP/1.1" 200 None
2026-04-13 00:10:12,973 DEBUG: Starting new HTTP connection (1): clinicaltrials.gov:80
2026-04-13 00:10:13,034 DEBUG: http://clinicaltrials.gov:80 "GET /api/v2/studies/NCT07217717 HTTP/1.1" 301 0
2026-04-13 00:10:13,034 DEBUG: Starting new HTTPS connection (1): clinicaltrials.gov:443
2026-04-13 00:10:13,430 DEBUG: https://clinicaltrials.gov:443 "GET /api/v2/studies/NCT07217717 HTTP/1.1" 200 None
2026-04-13 00:10:13,432 DEBUG: Starting new HTTP connection (1): clinicaltrials.gov:80
2026-04-13 00:10:13,494 DEBUG: http://clinicaltrials.gov:80 "GET /api/v2/studies/NCT06393400 HTTP/1.1" 301 0
2026-04-13 00:10:13,495 DEBUG: Starting new HTTPS connection (1): clinicaltrials.gov:443
2026-04-13 00:10:13,902 DEBUG: https://clinicaltrials.gov:443 "GET /api/v2/studies/NCT06393400 HTTP/1.1" 200 None
2026-04-13 00:10:13,906 DEBUG: Starting new HTTP connection (1): clinicaltrials.gov:80
2026-04-13 00:10:13,969 DEBUG: http://clinicaltrials.gov:80 "GET /api/v2/studies/NCT07450859 HTTP/1.1" 301 0
2026-04-13 00:10:13,970 DEBUG: Starting new HTTPS connection (1): clinicaltrials.gov:443
2026-04-13 00:10:14,363 DEBUG: https://clinicaltrials.gov:443 "GET /api/v2/studies/NCT07450859 HTTP/1.1" 200 None
2026-04-13 00:10:14,366 DEBUG: Starting new HTTP connection (1): clinicaltrials.gov:80
2026-04-13 00:10:14,434 DEBUG: http://clinicaltrials.gov:80 "GET /api/v2/studies/NCT06122896 HTTP/1.1" 301 0
2026-04-13 00:10:14,434 DEBUG: Starting new HTTPS connection (1): clinicaltrials.gov:443
2026-04-13 00:10:14,855 DEBUG: https://clinicaltrials.gov:443 "GET /api/v2/studies/NCT06122896 HTTP/1.1" 200 None
2026-04-13 00:10:14,858 DEBUG: Starting new HTTP connection (1): clinicaltrials.gov:80
2026-04-13 00:10:14,914 DEBUG: http://clinicaltrials.gov:80 "GET /api/v2/studies/NCT06182072 HTTP/1.1" 301 0
2026-04-13 00:10:14,915 DEBUG: Starting new HTTPS connection (1): clinicaltrials.gov:443
2026-04-13 00:10:15,319 DEBUG: https://clinicaltrials.gov:443 "GET /api/v2/studies/NCT06182072 HTTP/1.1" 200 None
2026-04-13 00:10:15,325 DEBUG: Starting new HTTP connection (1): clinicaltrials.gov:80
2026-04-13 00:10:15,379 DEBUG: http://clinicaltrials.gov:80 "GET /api/v2/studies/NCT06060405 HTTP/1.1" 301 0
2026-04-13 00:10:15,380 DEBUG: Starting new HTTPS connection (1): clinicaltrials.gov:443
2026-04-13 00:10:15,782 DEBUG: https://clinicaltrials.gov:443 "GET /api/v2/studies/NCT06060405 HTTP/1.1" 200 None
2026-04-13 00:10:15,786 DEBUG: Starting new HTTP connection (1): clinicaltrials.gov:80
2026-04-13 00:10:15,850 DEBUG: http://clinicaltrials.gov:80 "GET /api/v2/studies/NCT06659705 HTTP/1.1" 301 0
2026-04-13 00:10:15,851 DEBUG: Starting new HTTPS connection (1): clinicaltrials.gov:443
2026-04-13 00:10:16,269 DEBUG: https://clinicaltrials.gov:443 "GET /api/v2/studies/NCT06659705 HTTP/1.1" 200 None
2026-04-13 00:10:16,272 DEBUG: Starting new HTTP connection (1): clinicaltrials.gov:80
2026-04-13 00:10:16,325 DEBUG: http://clinicaltrials.gov:80 "GET /api/v2/studies/NCT06639724 HTTP/1.1" 301 0
2026-04-13 00:10:16,326 DEBUG: Starting new HTTPS connection (1): clinicaltrials.gov:443
2026-04-13 00:10:16,738 DEBUG: https://clinicaltrials.gov:443 "GET /api/v2/studies/NCT06639724 HTTP/1.1" 200 None
2026-04-13 00:10:16,741 DEBUG: Starting new HTTP connection (1): clinicaltrials.gov:80
2026-04-13 00:10:16,802 DEBUG: http://clinicaltrials.gov:80 "GET /api/v2/studies/NCT04926467 HTTP/1.1" 301 0
2026-04-13 00:10:16,803 DEBUG: Starting new HTTPS connection (1): clinicaltrials.gov:443
2026-04-13 00:10:17,226 DEBUG: https://clinicaltrials.gov:443 "GET /api/v2/studies/NCT04926467 HTTP/1.1" 200 None
2026-04-13 00:10:17,230 DEBUG: Starting new HTTP connection (1): clinicaltrials.gov:80
2026-04-13 00:10:17,303 DEBUG: http://clinicaltrials.gov:80 "GET /api/v2/studies/NCT07030283 HTTP/1.1" 301 0
2026-04-13 00:10:17,304 DEBUG: Starting new HTTPS connection (1): clinicaltrials.gov:443
2026-04-13 00:10:17,722 DEBUG: https://clinicaltrials.gov:443 "GET /api/v2/studies/NCT07030283 HTTP/1.1" 200 None
2026-04-13 00:10:17,725 DEBUG: Starting new HTTP connection (1): clinicaltrials.gov:80
2026-04-13 00:10:17,793 DEBUG: http://clinicaltrials.gov:80 "GET /api/v2/studies/NCT07491445 HTTP/1.1" 301 0
2026-04-13 00:10:17,794 DEBUG: Starting new HTTPS connection (1): clinicaltrials.gov:443
2026-04-13 00:10:18,197 DEBUG: https://clinicaltrials.gov:443 "GET /api/v2/studies/NCT07491445 HTTP/1.1" 200 None
2026-04-13 00:10:18,201 DEBUG: Starting new HTTP connection (1): clinicaltrials.gov:80
2026-04-13 00:10:18,266 DEBUG: http://clinicaltrials.gov:80 "GET /api/v2/studies/NCT07255404 HTTP/1.1" 301 0
2026-04-13 00:10:18,266 DEBUG: Starting new HTTPS connection (1): clinicaltrials.gov:443
2026-04-13 00:10:18,686 DEBUG: https://clinicaltrials.gov:443 "GET /api/v2/studies/NCT07255404 HTTP/1.1" 200 None
2026-04-13 00:10:18,689 DEBUG: Starting new HTTP connection (1): clinicaltrials.gov:80
2026-04-13 00:10:18,782 DEBUG: http://clinicaltrials.gov:80 "GET /api/v2/studies/NCT06773130 HTTP/1.1" 301 0
2026-04-13 00:10:18,783 DEBUG: Starting new HTTPS connection (1): clinicaltrials.gov:443
2026-04-13 00:10:19,196 DEBUG: https://clinicaltrials.gov:443 "GET /api/v2/studies/NCT06773130 HTTP/1.1" 200 None
2026-04-13 00:10:19,199 DEBUG: Starting new HTTP connection (1): clinicaltrials.gov:80
2026-04-13 00:10:19,273 DEBUG: http://clinicaltrials.gov:80 "GET /api/v2/studies/NCT06673017 HTTP/1.1" 301 0
2026-04-13 00:10:19,274 DEBUG: Starting new HTTPS connection (1): clinicaltrials.gov:443
2026-04-13 00:10:19,678 DEBUG: https://clinicaltrials.gov:443 "GET /api/v2/studies/NCT06673017 HTTP/1.1" 200 None
2026-04-13 00:10:19,682 DEBUG: Starting new HTTP connection (1): clinicaltrials.gov:80
2026-04-13 00:10:19,758 DEBUG: http://clinicaltrials.gov:80 "GET /api/v2/studies/NCT06922591 HTTP/1.1" 301 0
2026-04-13 00:10:19,759 DEBUG: Starting new HTTPS connection (1): clinicaltrials.gov:443
2026-04-13 00:10:20,176 DEBUG: https://clinicaltrials.gov:443 "GET /api/v2/studies/NCT06922591 HTTP/1.1" 200 None
2026-04-13 00:10:20,180 DEBUG: Starting new HTTP connection (1): clinicaltrials.gov:80
2026-04-13 00:10:20,241 DEBUG: http://clinicaltrials.gov:80 "GET /api/v2/studies/NCT04990609 HTTP/1.1" 301 0
2026-04-13 00:10:20,242 DEBUG: Starting new HTTPS connection (1): clinicaltrials.gov:443
2026-04-13 00:10:20,682 DEBUG: https://clinicaltrials.gov:443 "GET /api/v2/studies/NCT04990609 HTTP/1.1" 200 None
2026-04-13 00:10:20,687 DEBUG: Starting new HTTP connection (1): clinicaltrials.gov:80
2026-04-13 00:10:20,745 DEBUG: http://clinicaltrials.gov:80 "GET /api/v2/studies/NCT07043270 HTTP/1.1" 301 0
2026-04-13 00:10:20,747 DEBUG: Starting new HTTPS connection (1): clinicaltrials.gov:443
2026-04-13 00:10:21,150 DEBUG: https://clinicaltrials.gov:443 "GET /api/v2/studies/NCT07043270 HTTP/1.1" 200 None
2026-04-13 00:10:21,153 DEBUG: Starting new HTTP connection (1): clinicaltrials.gov:80
2026-04-13 00:10:21,230 DEBUG: http://clinicaltrials.gov:80 "GET /api/v2/studies/NCT07441174 HTTP/1.1" 301 0
2026-04-13 00:10:21,231 DEBUG: Starting new HTTPS connection (1): clinicaltrials.gov:443
2026-04-13 00:10:21,637 DEBUG: https://clinicaltrials.gov:443 "GET /api/v2/studies/NCT07441174 HTTP/1.1" 200 None
2026-04-13 00:10:21,641 DEBUG: Starting new HTTP connection (1): clinicaltrials.gov:80
2026-04-13 00:10:21,701 DEBUG: http://clinicaltrials.gov:80 "GET /api/v2/studies/NCT06261359 HTTP/1.1" 301 0
2026-04-13 00:10:21,702 DEBUG: Starting new HTTPS connection (1): clinicaltrials.gov:443
2026-04-13 00:10:22,133 DEBUG: https://clinicaltrials.gov:443 "GET /api/v2/studies/NCT06261359 HTTP/1.1" 200 None
2026-04-13 00:10:22,138 DEBUG: Starting new HTTP connection (1): clinicaltrials.gov:80
2026-04-13 00:10:22,209 DEBUG: http://clinicaltrials.gov:80 "GET /api/v2/studies/NCT06158139 HTTP/1.1" 301 0
2026-04-13 00:10:22,210 DEBUG: Starting new HTTPS connection (1): clinicaltrials.gov:443
2026-04-13 00:10:22,621 DEBUG: https://clinicaltrials.gov:443 "GET /api/v2/studies/NCT06158139 HTTP/1.1" 200 None
2026-04-13 00:10:22,625 DEBUG: Starting new HTTP connection (1): clinicaltrials.gov:80
2026-04-13 00:10:22,694 DEBUG: http://clinicaltrials.gov:80 "GET /api/v2/studies/NCT07480928 HTTP/1.1" 301 0
2026-04-13 00:10:22,695 DEBUG: Starting new HTTPS connection (1): clinicaltrials.gov:443
2026-04-13 00:10:23,107 DEBUG: https://clinicaltrials.gov:443 "GET /api/v2/studies/NCT07480928 HTTP/1.1" 200 None
2026-04-13 00:10:23,110 DEBUG: Starting new HTTP connection (1): clinicaltrials.gov:80
2026-04-13 00:10:23,170 DEBUG: http://clinicaltrials.gov:80 "GET /api/v2/studies/NCT05472259 HTTP/1.1" 301 0
2026-04-13 00:10:23,171 DEBUG: Starting new HTTPS connection (1): clinicaltrials.gov:443
2026-04-13 00:10:23,582 DEBUG: https://clinicaltrials.gov:443 "GET /api/v2/studies/NCT05472259 HTTP/1.1" 200 None
2026-04-13 00:10:23,585 DEBUG: Starting new HTTP connection (1): clinicaltrials.gov:80
2026-04-13 00:10:23,658 DEBUG: http://clinicaltrials.gov:80 "GET /api/v2/studies/NCT06145074 HTTP/1.1" 301 0
2026-04-13 00:10:23,658 DEBUG: Starting new HTTPS connection (1): clinicaltrials.gov:443
2026-04-13 00:10:24,082 DEBUG: https://clinicaltrials.gov:443 "GET /api/v2/studies/NCT06145074 HTTP/1.1" 200 None
2026-04-13 00:10:24,085 DEBUG: Starting new HTTP connection (1): clinicaltrials.gov:80
2026-04-13 00:10:24,153 DEBUG: http://clinicaltrials.gov:80 "GET /api/v2/studies/NCT07049055 HTTP/1.1" 301 0
2026-04-13 00:10:24,154 DEBUG: Starting new HTTPS connection (1): clinicaltrials.gov:443
2026-04-13 00:10:24,571 DEBUG: https://clinicaltrials.gov:443 "GET /api/v2/studies/NCT07049055 HTTP/1.1" 200 None
2026-04-13 00:10:24,577 DEBUG: Starting new HTTP connection (1): clinicaltrials.gov:80
2026-04-13 00:10:24,649 DEBUG: http://clinicaltrials.gov:80 "GET /api/v2/studies/NCT07303465 HTTP/1.1" 301 0
2026-04-13 00:10:24,650 DEBUG: Starting new HTTPS connection (1): clinicaltrials.gov:443
2026-04-13 00:10:25,078 DEBUG: https://clinicaltrials.gov:443 "GET /api/v2/studies/NCT07303465 HTTP/1.1" 200 None
2026-04-13 00:10:25,081 DEBUG: Starting new HTTP connection (1): clinicaltrials.gov:80
2026-04-13 00:10:25,149 DEBUG: http://clinicaltrials.gov:80 "GET /api/v2/studies/NCT06396637 HTTP/1.1" 301 0
2026-04-13 00:10:25,150 DEBUG: Starting new HTTPS connection (1): clinicaltrials.gov:443
2026-04-13 00:10:25,570 DEBUG: https://clinicaltrials.gov:443 "GET /api/v2/studies/NCT06396637 HTTP/1.1" 200 None
2026-04-13 00:10:25,573 DEBUG: Starting new HTTP connection (1): clinicaltrials.gov:80
2026-04-13 00:10:25,646 DEBUG: http://clinicaltrials.gov:80 "GET /api/v2/studies/NCT07349537 HTTP/1.1" 301 0
2026-04-13 00:10:25,647 DEBUG: Starting new HTTPS connection (1): clinicaltrials.gov:443
2026-04-13 00:10:26,079 DEBUG: https://clinicaltrials.gov:443 "GET /api/v2/studies/NCT07349537 HTTP/1.1" 200 None
2026-04-13 00:10:26,082 DEBUG: Starting new HTTP connection (1): clinicaltrials.gov:80
2026-04-13 00:10:26,146 DEBUG: http://clinicaltrials.gov:80 "GET /api/v2/studies/NCT05723107 HTTP/1.1" 301 0
2026-04-13 00:10:26,147 DEBUG: Starting new HTTPS connection (1): clinicaltrials.gov:443
2026-04-13 00:10:26,551 DEBUG: https://clinicaltrials.gov:443 "GET /api/v2/studies/NCT05723107 HTTP/1.1" 200 None
2026-04-13 00:10:26,554 DEBUG: Starting new HTTP connection (1): clinicaltrials.gov:80
2026-04-13 00:10:26,625 DEBUG: http://clinicaltrials.gov:80 "GET /api/v2/studies/NCT07483983 HTTP/1.1" 301 0
2026-04-13 00:10:26,626 DEBUG: Starting new HTTPS connection (1): clinicaltrials.gov:443
2026-04-13 00:10:27,049 DEBUG: https://clinicaltrials.gov:443 "GET /api/v2/studies/NCT07483983 HTTP/1.1" 200 None
2026-04-13 00:10:27,052 DEBUG: Starting new HTTP connection (1): clinicaltrials.gov:80
2026-04-13 00:10:27,125 DEBUG: http://clinicaltrials.gov:80 "GET /api/v2/studies/NCT05851924 HTTP/1.1" 301 0
2026-04-13 00:10:27,126 DEBUG: Starting new HTTPS connection (1): clinicaltrials.gov:443
2026-04-13 00:10:27,542 DEBUG: https://clinicaltrials.gov:443 "GET /api/v2/studies/NCT05851924 HTTP/1.1" 200 None
2026-04-13 00:10:27,546 DEBUG: Starting new HTTP connection (1): clinicaltrials.gov:80
2026-04-13 00:10:27,602 DEBUG: http://clinicaltrials.gov:80 "GET /api/v2/studies/NCT06405490 HTTP/1.1" 301 0
2026-04-13 00:10:27,603 DEBUG: Starting new HTTPS connection (1): clinicaltrials.gov:443
2026-04-13 00:10:28,006 DEBUG: https://clinicaltrials.gov:443 "GET /api/v2/studies/NCT06405490 HTTP/1.1" 200 None
2026-04-13 00:10:28,009 DEBUG: Starting new HTTP connection (1): clinicaltrials.gov:80
2026-04-13 00:10:28,081 DEBUG: http://clinicaltrials.gov:80 "GET /api/v2/studies/NCT06445062 HTTP/1.1" 301 0
2026-04-13 00:10:28,082 DEBUG: Starting new HTTPS connection (1): clinicaltrials.gov:443
2026-04-13 00:10:28,493 DEBUG: https://clinicaltrials.gov:443 "GET /api/v2/studies/NCT06445062 HTTP/1.1" 200 None
2026-04-13 00:10:28,496 DEBUG: Starting new HTTP connection (1): clinicaltrials.gov:80
2026-04-13 00:10:28,560 DEBUG: http://clinicaltrials.gov:80 "GET /api/v2/studies/NCT06895031 HTTP/1.1" 301 0
2026-04-13 00:10:28,561 DEBUG: Starting new HTTPS connection (1): clinicaltrials.gov:443
2026-04-13 00:10:28,994 DEBUG: https://clinicaltrials.gov:443 "GET /api/v2/studies/NCT06895031 HTTP/1.1" 200 None
2026-04-13 00:10:28,997 DEBUG: Starting new HTTP connection (1): clinicaltrials.gov:80
2026-04-13 00:10:29,061 DEBUG: http://clinicaltrials.gov:80 "GET /api/v2/studies/NCT06313970 HTTP/1.1" 301 0
2026-04-13 00:10:29,062 DEBUG: Starting new HTTPS connection (1): clinicaltrials.gov:443
2026-04-13 00:10:29,489 DEBUG: https://clinicaltrials.gov:443 "GET /api/v2/studies/NCT06313970 HTTP/1.1" 200 None
2026-04-13 00:10:29,493 DEBUG: Starting new HTTP connection (1): clinicaltrials.gov:80
2026-04-13 00:10:29,538 DEBUG: http://clinicaltrials.gov:80 "GET /api/v2/studies/NCT05218889 HTTP/1.1" 301 0
2026-04-13 00:10:29,539 DEBUG: Starting new HTTPS connection (1): clinicaltrials.gov:443
2026-04-13 00:10:29,966 DEBUG: https://clinicaltrials.gov:443 "GET /api/v2/studies/NCT05218889 HTTP/1.1" 200 None
2026-04-13 00:10:29,971 DEBUG: Starting new HTTP connection (1): clinicaltrials.gov:80
2026-04-13 00:10:30,042 DEBUG: http://clinicaltrials.gov:80 "GET /api/v2/studies/NCT07259590 HTTP/1.1" 301 0
2026-04-13 00:10:30,043 DEBUG: Starting new HTTPS connection (1): clinicaltrials.gov:443
2026-04-13 00:10:30,454 DEBUG: https://clinicaltrials.gov:443 "GET /api/v2/studies/NCT07259590 HTTP/1.1" 200 None
2026-04-13 00:10:30,457 DEBUG: Starting new HTTP connection (1): clinicaltrials.gov:80
2026-04-13 00:10:30,522 DEBUG: http://clinicaltrials.gov:80 "GET /api/v2/studies/NCT06483555 HTTP/1.1" 301 0
2026-04-13 00:10:30,523 DEBUG: Starting new HTTPS connection (1): clinicaltrials.gov:443
2026-04-13 00:10:30,934 DEBUG: https://clinicaltrials.gov:443 "GET /api/v2/studies/NCT06483555 HTTP/1.1" 200 None
2026-04-13 00:10:30,937 DEBUG: Starting new HTTP connection (1): clinicaltrials.gov:80
2026-04-13 00:10:30,996 DEBUG: http://clinicaltrials.gov:80 "GET /api/v2/studies/NCT06040541 HTTP/1.1" 301 0
2026-04-13 00:10:30,997 DEBUG: Starting new HTTPS connection (1): clinicaltrials.gov:443
2026-04-13 00:10:31,418 DEBUG: https://clinicaltrials.gov:443 "GET /api/v2/studies/NCT06040541 HTTP/1.1" 200 None
2026-04-13 00:10:31,421 DEBUG: Starting new HTTP connection (1): clinicaltrials.gov:80
2026-04-13 00:10:31,481 DEBUG: http://clinicaltrials.gov:80 "GET /api/v2/studies/NCT07223047 HTTP/1.1" 301 0
2026-04-13 00:10:31,482 DEBUG: Starting new HTTPS connection (1): clinicaltrials.gov:443
2026-04-13 00:10:31,882 DEBUG: https://clinicaltrials.gov:443 "GET /api/v2/studies/NCT07223047 HTTP/1.1" 200 None
2026-04-13 00:10:31,885 DEBUG: Starting new HTTP connection (1): clinicaltrials.gov:80
2026-04-13 00:10:31,950 DEBUG: http://clinicaltrials.gov:80 "GET /api/v2/studies/NCT05968326 HTTP/1.1" 301 0
2026-04-13 00:10:31,951 DEBUG: Starting new HTTPS connection (1): clinicaltrials.gov:443
2026-04-13 00:10:32,357 DEBUG: https://clinicaltrials.gov:443 "GET /api/v2/studies/NCT05968326 HTTP/1.1" 200 None
2026-04-13 00:10:32,360 DEBUG: Starting new HTTP connection (1): clinicaltrials.gov:80
2026-04-13 00:10:32,422 DEBUG: http://clinicaltrials.gov:80 "GET /api/v2/studies/NCT05379985 HTTP/1.1" 301 0
2026-04-13 00:10:32,423 DEBUG: Starting new HTTPS connection (1): clinicaltrials.gov:443
2026-04-13 00:10:32,848 DEBUG: https://clinicaltrials.gov:443 "GET /api/v2/studies/NCT05379985 HTTP/1.1" 200 None
2026-04-13 00:10:32,854 DEBUG: Starting new HTTP connection (1): clinicaltrials.gov:80
2026-04-13 00:10:32,929 DEBUG: http://clinicaltrials.gov:80 "GET /api/v2/studies/NCT07026279 HTTP/1.1" 301 0
2026-04-13 00:10:32,930 DEBUG: Starting new HTTPS connection (1): clinicaltrials.gov:443
2026-04-13 00:10:33,342 DEBUG: https://clinicaltrials.gov:443 "GET /api/v2/studies/NCT07026279 HTTP/1.1" 200 None
2026-04-13 00:10:33,345 DEBUG: Starting new HTTP connection (1): clinicaltrials.gov:80
2026-04-13 00:10:33,409 DEBUG: http://clinicaltrials.gov:80 "GET /api/v2/studies/NCT07454642 HTTP/1.1" 301 0
2026-04-13 00:10:33,410 DEBUG: Starting new HTTPS connection (1): clinicaltrials.gov:443
2026-04-13 00:10:33,806 DEBUG: https://clinicaltrials.gov:443 "GET /api/v2/studies/NCT07454642 HTTP/1.1" 200 None
2026-04-13 00:10:33,809 DEBUG: Starting new HTTP connection (1): clinicaltrials.gov:80
2026-04-13 00:10:33,865 DEBUG: http://clinicaltrials.gov:80 "GET /api/v2/studies/NCT05382559 HTTP/1.1" 301 0
2026-04-13 00:10:33,866 DEBUG: Starting new HTTPS connection (1): clinicaltrials.gov:443
2026-04-13 00:10:34,301 DEBUG: https://clinicaltrials.gov:443 "GET /api/v2/studies/NCT05382559 HTTP/1.1" 200 None
2026-04-13 00:10:34,308 DEBUG: Starting new HTTP connection (1): clinicaltrials.gov:80
2026-04-13 00:10:34,376 DEBUG: http://clinicaltrials.gov:80 "GET /api/v2/studies/NCT04900818 HTTP/1.1" 301 0
2026-04-13 00:10:34,377 DEBUG: Starting new HTTPS connection (1): clinicaltrials.gov:443
2026-04-13 00:10:34,802 DEBUG: https://clinicaltrials.gov:443 "GET /api/v2/studies/NCT04900818 HTTP/1.1" 200 None
2026-04-13 00:10:34,806 DEBUG: Starting new HTTP connection (1): clinicaltrials.gov:80
2026-04-13 00:10:34,869 DEBUG: http://clinicaltrials.gov:80 "GET /api/v2/studies/NCT07259317 HTTP/1.1" 301 0
2026-04-13 00:10:34,869 DEBUG: Starting new HTTPS connection (1): clinicaltrials.gov:443
2026-04-13 00:10:35,275 DEBUG: https://clinicaltrials.gov:443 "GET /api/v2/studies/NCT07259317 HTTP/1.1" 200 None
2026-04-13 00:10:35,278 DEBUG: Starting new HTTP connection (1): clinicaltrials.gov:80
2026-04-13 00:10:35,345 DEBUG: http://clinicaltrials.gov:80 "GET /api/v2/studies/NCT03977233 HTTP/1.1" 301 0
2026-04-13 00:10:35,346 DEBUG: Starting new HTTPS connection (1): clinicaltrials.gov:443
2026-04-13 00:10:35,734 DEBUG: https://clinicaltrials.gov:443 "GET /api/v2/studies/NCT03977233 HTTP/1.1" 200 None
2026-04-13 00:10:35,738 DEBUG: Starting new HTTP connection (1): clinicaltrials.gov:80
2026-04-13 00:10:35,801 DEBUG: http://clinicaltrials.gov:80 "GET /api/v2/studies/NCT05013216 HTTP/1.1" 301 0
2026-04-13 00:10:35,802 DEBUG: Starting new HTTPS connection (1): clinicaltrials.gov:443
2026-04-13 00:10:36,238 DEBUG: https://clinicaltrials.gov:443 "GET /api/v2/studies/NCT05013216 HTTP/1.1" 200 None
2026-04-13 00:10:36,241 DEBUG: Starting new HTTP connection (1): clinicaltrials.gov:80
2026-04-13 00:10:36,306 DEBUG: http://clinicaltrials.gov:80 "GET /api/v2/studies/NCT06710132 HTTP/1.1" 301 0
2026-04-13 00:10:36,307 DEBUG: Starting new HTTPS connection (1): clinicaltrials.gov:443
2026-04-13 00:10:36,718 DEBUG: https://clinicaltrials.gov:443 "GET /api/v2/studies/NCT06710132 HTTP/1.1" 200 None
2026-04-13 00:10:36,725 DEBUG: Starting new HTTP connection (1): clinicaltrials.gov:80
2026-04-13 00:10:36,789 DEBUG: http://clinicaltrials.gov:80 "GET /api/v2/studies/NCT06917079 HTTP/1.1" 301 0
2026-04-13 00:10:36,789 DEBUG: Starting new HTTPS connection (1): clinicaltrials.gov:443
2026-04-13 00:10:37,195 DEBUG: https://clinicaltrials.gov:443 "GET /api/v2/studies/NCT06917079 HTTP/1.1" 200 None
2026-04-13 00:10:37,199 DEBUG: Starting new HTTP connection (1): clinicaltrials.gov:80
2026-04-13 00:10:37,261 DEBUG: http://clinicaltrials.gov:80 "GET /api/v2/studies/NCT06747845 HTTP/1.1" 301 0
2026-04-13 00:10:37,261 DEBUG: Starting new HTTPS connection (1): clinicaltrials.gov:443
2026-04-13 00:10:37,667 DEBUG: https://clinicaltrials.gov:443 "GET /api/v2/studies/NCT06747845 HTTP/1.1" 200 None
2026-04-13 00:10:37,670 DEBUG: Starting new HTTP connection (1): clinicaltrials.gov:80
2026-04-13 00:10:37,725 DEBUG: http://clinicaltrials.gov:80 "GET /api/v2/studies/NCT06790602 HTTP/1.1" 301 0
2026-04-13 00:10:37,726 DEBUG: Starting new HTTPS connection (1): clinicaltrials.gov:443
2026-04-13 00:10:38,145 DEBUG: https://clinicaltrials.gov:443 "GET /api/v2/studies/NCT06790602 HTTP/1.1" 200 None
2026-04-13 00:10:38,148 DEBUG: Starting new HTTP connection (1): clinicaltrials.gov:80
2026-04-13 00:10:38,201 DEBUG: http://clinicaltrials.gov:80 "GET /api/v2/studies/NCT06026410 HTTP/1.1" 301 0
2026-04-13 00:10:38,202 DEBUG: Starting new HTTPS connection (1): clinicaltrials.gov:443
2026-04-13 00:10:38,621 DEBUG: https://clinicaltrials.gov:443 "GET /api/v2/studies/NCT06026410 HTTP/1.1" 200 None
2026-04-13 00:10:38,624 DEBUG: Starting new HTTP connection (1): clinicaltrials.gov:80
2026-04-13 00:10:38,702 DEBUG: http://clinicaltrials.gov:80 "GET /api/v2/studies/NCT07076121 HTTP/1.1" 301 0
2026-04-13 00:10:38,703 DEBUG: Starting new HTTPS connection (1): clinicaltrials.gov:443
2026-04-13 00:10:39,102 DEBUG: https://clinicaltrials.gov:443 "GET /api/v2/studies/NCT07076121 HTTP/1.1" 200 None
2026-04-13 00:10:39,130 DEBUG: Starting new HTTP connection (1): clinicaltrials.gov:80
2026-04-13 00:10:39,201 DEBUG: http://clinicaltrials.gov:80 "GET /api/v2/studies/NCT06882746 HTTP/1.1" 301 0
2026-04-13 00:10:39,202 DEBUG: Starting new HTTPS connection (1): clinicaltrials.gov:443
2026-04-13 00:10:39,619 DEBUG: https://clinicaltrials.gov:443 "GET /api/v2/studies/NCT06882746 HTTP/1.1" 200 None
2026-04-13 00:10:39,627 DEBUG: Starting new HTTP connection (1): clinicaltrials.gov:80
2026-04-13 00:10:39,686 DEBUG: http://clinicaltrials.gov:80 "GET /api/v2/studies/NCT06131840 HTTP/1.1" 301 0
2026-04-13 00:10:39,687 DEBUG: Starting new HTTPS connection (1): clinicaltrials.gov:443
2026-04-13 00:10:40,092 DEBUG: https://clinicaltrials.gov:443 "GET /api/v2/studies/NCT06131840 HTTP/1.1" 200 None
2026-04-13 00:10:40,100 DEBUG: Starting new HTTP connection (1): clinicaltrials.gov:80
2026-04-13 00:10:40,173 DEBUG: http://clinicaltrials.gov:80 "GET /api/v2/studies/NCT06914128 HTTP/1.1" 301 0
2026-04-13 00:10:40,174 DEBUG: Starting new HTTPS connection (1): clinicaltrials.gov:443
2026-04-13 00:10:40,597 DEBUG: https://clinicaltrials.gov:443 "GET /api/v2/studies/NCT06914128 HTTP/1.1" 200 None
2026-04-13 00:10:40,603 DEBUG: Starting new HTTP connection (1): clinicaltrials.gov:80
2026-04-13 00:10:40,673 DEBUG: http://clinicaltrials.gov:80 "GET /api/v2/studies/NCT06835569 HTTP/1.1" 301 0
2026-04-13 00:10:40,674 DEBUG: Starting new HTTPS connection (1): clinicaltrials.gov:443
2026-04-13 00:10:41,080 DEBUG: https://clinicaltrials.gov:443 "GET /api/v2/studies/NCT06835569 HTTP/1.1" 200 None
2026-04-13 00:10:41,087 DEBUG: Starting new HTTP connection (1): clinicaltrials.gov:80
2026-04-13 00:10:41,160 DEBUG: http://clinicaltrials.gov:80 "GET /api/v2/studies/NCT07409272 HTTP/1.1" 301 0
2026-04-13 00:10:41,161 DEBUG: Starting new HTTPS connection (1): clinicaltrials.gov:443
2026-04-13 00:10:41,586 DEBUG: https://clinicaltrials.gov:443 "GET /api/v2/studies/NCT07409272 HTTP/1.1" 200 None
2026-04-13 00:10:41,590 DEBUG: Starting new HTTP connection (1): clinicaltrials.gov:80
2026-04-13 00:10:41,666 DEBUG: http://clinicaltrials.gov:80 "GET /api/v2/studies/NCT06179160 HTTP/1.1" 301 0
2026-04-13 00:10:41,667 DEBUG: Starting new HTTPS connection (1): clinicaltrials.gov:443
2026-04-13 00:10:42,086 DEBUG: https://clinicaltrials.gov:443 "GET /api/v2/studies/NCT06179160 HTTP/1.1" 200 None
2026-04-13 00:10:42,089 DEBUG: Starting new HTTP connection (1): clinicaltrials.gov:80
2026-04-13 00:10:42,153 DEBUG: http://clinicaltrials.gov:80 "GET /api/v2/studies/NCT07166601 HTTP/1.1" 301 0
2026-04-13 00:10:42,154 DEBUG: Starting new HTTPS connection (1): clinicaltrials.gov:443
2026-04-13 00:10:42,558 DEBUG: https://clinicaltrials.gov:443 "GET /api/v2/studies/NCT07166601 HTTP/1.1" 200 None
2026-04-13 00:10:42,561 DEBUG: Starting new HTTP connection (1): clinicaltrials.gov:80
2026-04-13 00:10:42,634 DEBUG: http://clinicaltrials.gov:80 "GET /api/v2/studies/NCT07227168 HTTP/1.1" 301 0
2026-04-13 00:10:42,634 DEBUG: Starting new HTTPS connection (1): clinicaltrials.gov:443
2026-04-13 00:10:43,065 DEBUG: https://clinicaltrials.gov:443 "GET /api/v2/studies/NCT07227168 HTTP/1.1" 200 None
2026-04-13 00:10:43,069 DEBUG: Starting new HTTP connection (1): clinicaltrials.gov:80
2026-04-13 00:10:43,139 DEBUG: http://clinicaltrials.gov:80 "GET /api/v2/studies/NCT07094113 HTTP/1.1" 301 0
2026-04-13 00:10:43,139 DEBUG: Starting new HTTPS connection (1): clinicaltrials.gov:443
2026-04-13 00:10:43,789 DEBUG: https://clinicaltrials.gov:443 "GET /api/v2/studies/NCT07094113 HTTP/1.1" 200 None
2026-04-13 00:10:43,793 DEBUG: Starting new HTTP connection (1): clinicaltrials.gov:80
2026-04-13 00:10:43,861 DEBUG: http://clinicaltrials.gov:80 "GET /api/v2/studies/NCT07261631 HTTP/1.1" 301 0
2026-04-13 00:10:43,861 DEBUG: Starting new HTTPS connection (1): clinicaltrials.gov:443
2026-04-13 00:10:44,286 DEBUG: https://clinicaltrials.gov:443 "GET /api/v2/studies/NCT07261631 HTTP/1.1" 200 None
2026-04-13 00:10:44,289 DEBUG: Starting new HTTP connection (1): clinicaltrials.gov:80
2026-04-13 00:10:44,357 DEBUG: http://clinicaltrials.gov:80 "GET /api/v2/studies/NCT07094204 HTTP/1.1" 301 0
2026-04-13 00:10:44,358 DEBUG: Starting new HTTPS connection (1): clinicaltrials.gov:443
2026-04-13 00:10:44,769 DEBUG: https://clinicaltrials.gov:443 "GET /api/v2/studies/NCT07094204 HTTP/1.1" 200 None
2026-04-13 00:10:44,781 DEBUG: Starting new HTTP connection (1): clinicaltrials.gov:80
2026-04-13 00:10:44,825 DEBUG: http://clinicaltrials.gov:80 "GET /api/v2/studies/NCT07458347 HTTP/1.1" 301 0
2026-04-13 00:10:44,826 DEBUG: Starting new HTTPS connection (1): clinicaltrials.gov:443
2026-04-13 00:10:45,234 DEBUG: https://clinicaltrials.gov:443 "GET /api/v2/studies/NCT07458347 HTTP/1.1" 200 None
2026-04-13 00:10:45,238 DEBUG: Starting new HTTP connection (1): clinicaltrials.gov:80
2026-04-13 00:10:45,313 DEBUG: http://clinicaltrials.gov:80 "GET /api/v2/studies/NCT06782932 HTTP/1.1" 301 0
2026-04-13 00:10:45,313 DEBUG: Starting new HTTPS connection (1): clinicaltrials.gov:443
2026-04-13 00:10:45,738 DEBUG: https://clinicaltrials.gov:443 "GET /api/v2/studies/NCT06782932 HTTP/1.1" 200 None
2026-04-13 00:10:45,742 DEBUG: Starting new HTTP connection (1): clinicaltrials.gov:80
2026-04-13 00:10:45,818 DEBUG: http://clinicaltrials.gov:80 "GET /api/v2/studies/NCT06411691 HTTP/1.1" 301 0
2026-04-13 00:10:45,819 DEBUG: Starting new HTTPS connection (1): clinicaltrials.gov:443
2026-04-13 00:10:46,237 DEBUG: https://clinicaltrials.gov:443 "GET /api/v2/studies/NCT06411691 HTTP/1.1" 200 None
2026-04-13 00:10:46,247 DEBUG: Starting new HTTP connection (1): clinicaltrials.gov:80
2026-04-13 00:10:46,301 DEBUG: http://clinicaltrials.gov:80 "GET /api/v2/studies/NCT07410494 HTTP/1.1" 301 0
2026-04-13 00:10:46,302 DEBUG: Starting new HTTPS connection (1): clinicaltrials.gov:443
2026-04-13 00:10:46,709 DEBUG: https://clinicaltrials.gov:443 "GET /api/v2/studies/NCT07410494 HTTP/1.1" 200 None
2026-04-13 00:10:46,712 DEBUG: Starting new HTTP connection (1): clinicaltrials.gov:80
2026-04-13 00:10:46,789 DEBUG: http://clinicaltrials.gov:80 "GET /api/v2/studies/NCT06941857 HTTP/1.1" 301 0
2026-04-13 00:10:46,790 DEBUG: Starting new HTTPS connection (1): clinicaltrials.gov:443
2026-04-13 00:10:47,218 DEBUG: https://clinicaltrials.gov:443 "GET /api/v2/studies/NCT06941857 HTTP/1.1" 200 None
2026-04-13 00:10:47,222 DEBUG: Starting new HTTP connection (1): clinicaltrials.gov:80
2026-04-13 00:10:47,282 DEBUG: http://clinicaltrials.gov:80 "GET /api/v2/studies/NCT07020221 HTTP/1.1" 301 0
2026-04-13 00:10:47,283 DEBUG: Starting new HTTPS connection (1): clinicaltrials.gov:443
2026-04-13 00:10:47,677 DEBUG: https://clinicaltrials.gov:443 "GET /api/v2/studies/NCT07020221 HTTP/1.1" 200 None
2026-04-13 00:10:47,688 DEBUG: Starting new HTTP connection (1): clinicaltrials.gov:80
2026-04-13 00:10:47,753 DEBUG: http://clinicaltrials.gov:80 "GET /api/v2/studies/NCT05706129 HTTP/1.1" 301 0
2026-04-13 00:10:47,754 DEBUG: Starting new HTTPS connection (1): clinicaltrials.gov:443
2026-04-13 00:10:48,154 DEBUG: https://clinicaltrials.gov:443 "GET /api/v2/studies/NCT05706129 HTTP/1.1" 200 None
2026-04-13 00:10:48,157 DEBUG: Starting new HTTP connection (1): clinicaltrials.gov:80
2026-04-13 00:10:48,234 DEBUG: http://clinicaltrials.gov:80 "GET /api/v2/studies/NCT06218914 HTTP/1.1" 301 0
2026-04-13 00:10:48,235 DEBUG: Starting new HTTPS connection (1): clinicaltrials.gov:443
2026-04-13 00:10:48,645 DEBUG: https://clinicaltrials.gov:443 "GET /api/v2/studies/NCT06218914 HTTP/1.1" 200 None
2026-04-13 00:10:48,649 DEBUG: Starting new HTTP connection (1): clinicaltrials.gov:80
2026-04-13 00:10:48,709 DEBUG: http://clinicaltrials.gov:80 "GET /api/v2/studies/NCT06544655 HTTP/1.1" 301 0
2026-04-13 00:10:48,710 DEBUG: Starting new HTTPS connection (1): clinicaltrials.gov:443
2026-04-13 00:10:49,102 DEBUG: https://clinicaltrials.gov:443 "GET /api/v2/studies/NCT06544655 HTTP/1.1" 200 None
2026-04-13 00:10:49,105 DEBUG: Starting new HTTP connection (1): clinicaltrials.gov:80
2026-04-13 00:10:49,178 DEBUG: http://clinicaltrials.gov:80 "GET /api/v2/studies/NCT05208762 HTTP/1.1" 301 0
2026-04-13 00:10:49,179 DEBUG: Starting new HTTPS connection (1): clinicaltrials.gov:443
2026-04-13 00:10:49,610 DEBUG: https://clinicaltrials.gov:443 "GET /api/v2/studies/NCT05208762 HTTP/1.1" 200 None
2026-04-13 00:10:49,620 DEBUG: Starting new HTTP connection (1): clinicaltrials.gov:80
2026-04-13 00:10:49,701 DEBUG: http://clinicaltrials.gov:80 "GET /api/v2/studies/NCT05005403 HTTP/1.1" 301 0
2026-04-13 00:10:49,702 DEBUG: Starting new HTTPS connection (1): clinicaltrials.gov:443
2026-04-13 00:10:50,141 DEBUG: https://clinicaltrials.gov:443 "GET /api/v2/studies/NCT05005403 HTTP/1.1" 200 None
2026-04-13 00:10:50,145 DEBUG: Starting new HTTP connection (1): clinicaltrials.gov:80
2026-04-13 00:10:50,233 DEBUG: http://clinicaltrials.gov:80 "GET /api/v2/studies/NCT06943521 HTTP/1.1" 301 0
2026-04-13 00:10:50,234 DEBUG: Starting new HTTPS connection (1): clinicaltrials.gov:443
2026-04-13 00:10:50,637 DEBUG: https://clinicaltrials.gov:443 "GET /api/v2/studies/NCT06943521 HTTP/1.1" 200 None
2026-04-13 00:10:50,640 DEBUG: Starting new HTTP connection (1): clinicaltrials.gov:80
2026-04-13 00:10:50,725 DEBUG: http://clinicaltrials.gov:80 "GET /api/v2/studies/NCT04150042 HTTP/1.1" 301 0
2026-04-13 00:10:50,726 DEBUG: Starting new HTTPS connection (1): clinicaltrials.gov:443
2026-04-13 00:10:51,149 DEBUG: https://clinicaltrials.gov:443 "GET /api/v2/studies/NCT04150042 HTTP/1.1" 200 None
2026-04-13 00:10:51,157 DEBUG: Starting new HTTP connection (1): clinicaltrials.gov:80
2026-04-13 00:10:51,221 DEBUG: http://clinicaltrials.gov:80 "GET /api/v2/studies/NCT06147037 HTTP/1.1" 301 0
2026-04-13 00:10:51,221 DEBUG: Starting new HTTPS connection (1): clinicaltrials.gov:443
2026-04-13 00:10:51,638 DEBUG: https://clinicaltrials.gov:443 "GET /api/v2/studies/NCT06147037 HTTP/1.1" 200 None
2026-04-13 00:10:51,643 DEBUG: Starting new HTTP connection (1): clinicaltrials.gov:80
2026-04-13 00:10:51,714 DEBUG: http://clinicaltrials.gov:80 "GET /api/v2/studies/NCT07090499 HTTP/1.1" 301 0
2026-04-13 00:10:51,714 DEBUG: Starting new HTTPS connection (1): clinicaltrials.gov:443
2026-04-13 00:10:52,150 DEBUG: https://clinicaltrials.gov:443 "GET /api/v2/studies/NCT07090499 HTTP/1.1" 200 None
2026-04-13 00:10:52,153 DEBUG: Starting new HTTP connection (1): clinicaltrials.gov:80
2026-04-13 00:10:52,217 DEBUG: http://clinicaltrials.gov:80 "GET /api/v2/studies/NCT07023731 HTTP/1.1" 301 0
2026-04-13 00:10:52,218 DEBUG: Starting new HTTPS connection (1): clinicaltrials.gov:443
2026-04-13 00:10:52,625 DEBUG: https://clinicaltrials.gov:443 "GET /api/v2/studies/NCT07023731 HTTP/1.1" 200 None
2026-04-13 00:10:52,630 DEBUG: Starting new HTTP connection (1): clinicaltrials.gov:80
2026-04-13 00:10:52,708 DEBUG: http://clinicaltrials.gov:80 "GET /api/v2/studies/NCT07229313 HTTP/1.1" 301 0
2026-04-13 00:10:52,709 DEBUG: Starting new HTTPS connection (1): clinicaltrials.gov:443
2026-04-13 00:10:53,122 DEBUG: https://clinicaltrials.gov:443 "GET /api/v2/studies/NCT07229313 HTTP/1.1" 200 None
2026-04-13 00:10:53,124 DEBUG: Starting new HTTP connection (1): clinicaltrials.gov:80
2026-04-13 00:10:53,209 DEBUG: http://clinicaltrials.gov:80 "GET /api/v2/studies/NCT06128551 HTTP/1.1" 301 0
2026-04-13 00:10:53,209 DEBUG: Starting new HTTPS connection (1): clinicaltrials.gov:443
2026-04-13 00:10:53,653 DEBUG: https://clinicaltrials.gov:443 "GET /api/v2/studies/NCT06128551 HTTP/1.1" 200 None
2026-04-13 00:10:53,656 DEBUG: Starting new HTTP connection (1): clinicaltrials.gov:80
2026-04-13 00:10:53,765 DEBUG: http://clinicaltrials.gov:80 "GET /api/v2/studies/NCT05086692 HTTP/1.1" 301 0
2026-04-13 00:10:53,766 DEBUG: Starting new HTTPS connection (1): clinicaltrials.gov:443
2026-04-13 00:10:54,177 DEBUG: https://clinicaltrials.gov:443 "GET /api/v2/studies/NCT05086692 HTTP/1.1" 200 None
2026-04-13 00:10:54,187 DEBUG: Starting new HTTP connection (1): clinicaltrials.gov:80
2026-04-13 00:10:54,277 DEBUG: http://clinicaltrials.gov:80 "GET /api/v2/studies/NCT05947825 HTTP/1.1" 301 0
2026-04-13 00:10:54,277 DEBUG: Starting new HTTPS connection (1): clinicaltrials.gov:443
2026-04-13 00:10:54,710 DEBUG: https://clinicaltrials.gov:443 "GET /api/v2/studies/NCT05947825 HTTP/1.1" 200 None
2026-04-13 00:10:54,713 DEBUG: Starting new HTTP connection (1): clinicaltrials.gov:80
2026-04-13 00:10:54,779 DEBUG: http://clinicaltrials.gov:80 "GET /api/v2/studies/NCT03487016 HTTP/1.1" 301 0
2026-04-13 00:10:54,779 DEBUG: Starting new HTTPS connection (1): clinicaltrials.gov:443
2026-04-13 00:10:55,201 DEBUG: https://clinicaltrials.gov:443 "GET /api/v2/studies/NCT03487016 HTTP/1.1" 200 None
2026-04-13 00:10:55,206 DEBUG: Starting new HTTP connection (1): clinicaltrials.gov:80
2026-04-13 00:10:55,280 DEBUG: http://clinicaltrials.gov:80 "GET /api/v2/studies/NCT04692740 HTTP/1.1" 301 0
2026-04-13 00:10:55,281 DEBUG: Starting new HTTPS connection (1): clinicaltrials.gov:443
2026-04-13 00:10:55,758 DEBUG: https://clinicaltrials.gov:443 "GET /api/v2/studies/NCT04692740 HTTP/1.1" 200 None
2026-04-13 00:10:55,761 DEBUG: Starting new HTTP connection (1): clinicaltrials.gov:80
2026-04-13 00:10:55,830 DEBUG: http://clinicaltrials.gov:80 "GET /api/v2/studies/NCT03634332 HTTP/1.1" 301 0
2026-04-13 00:10:55,831 DEBUG: Starting new HTTPS connection (1): clinicaltrials.gov:443
2026-04-13 00:10:56,245 DEBUG: https://clinicaltrials.gov:443 "GET /api/v2/studies/NCT03634332 HTTP/1.1" 200 None
2026-04-13 00:10:56,254 DEBUG: Starting new HTTP connection (1): clinicaltrials.gov:80
2026-04-13 00:10:56,608 DEBUG: http://clinicaltrials.gov:80 "GET /api/v2/studies/NCT02978547 HTTP/1.1" 301 0
2026-04-13 00:10:56,609 DEBUG: Starting new HTTPS connection (1): clinicaltrials.gov:443
2026-04-13 00:10:57,046 DEBUG: https://clinicaltrials.gov:443 "GET /api/v2/studies/NCT02978547 HTTP/1.1" 200 None
2026-04-13 00:10:57,058 DEBUG: Starting new HTTP connection (1): clinicaltrials.gov:80
2026-04-13 00:10:57,132 DEBUG: http://clinicaltrials.gov:80 "GET /api/v2/studies/NCT04612530 HTTP/1.1" 301 0
2026-04-13 00:10:57,133 DEBUG: Starting new HTTPS connection (1): clinicaltrials.gov:443
2026-04-13 00:10:57,536 DEBUG: https://clinicaltrials.gov:443 "GET /api/v2/studies/NCT04612530 HTTP/1.1" 200 None
